<?xml version="1.0" encoding="UTF-8"?>
<testng-results skipped="0" failed="0" total="1" passed="1">
  <reporter-output>
  </reporter-output>
  <suite name="Upload test cases to JIRA" duration-ms="914010" started-at="2018-03-13T19:33:31Z" finished-at="2018-03-13T19:48:45Z">
    <groups>
    </groups>
    <test name="uploadTestCase" duration-ms="914010" started-at="2018-03-13T19:33:31Z" finished-at="2018-03-13T19:48:45Z">
      <class name="com.pack.runner.testCaseUploadRunner">
        <test-method status="PASS" signature="initializeTestBaseSetup(java.lang.String, java.lang.String)[pri:0, instance:com.pack.runner.testCaseUploadRunner@37271612]" name="initializeTestBaseSetup" is-config="true" duration-ms="11849" started-at="2018-03-14T01:03:31Z" finished-at="2018-03-14T01:03:43Z">
          <params>
            <param index="0">
              <value>
                <![CDATA[chrome]]>
              </value>
            </param>
            <param index="1">
              <value>
                <![CDATA[https://jira.gfs.com]]>
              </value>
            </param>
          </params>
          <reporter-output>
          </reporter-output>
        </test-method> <!-- initializeTestBaseSetup -->
        <test-method status="PASS" signature="uploadTestCase()[pri:0, instance:com.pack.runner.testCaseUploadRunner@37271612]" name="uploadTestCase" duration-ms="582" started-at="2018-03-14T01:03:43Z" finished-at="2018-03-14T01:03:44Z">
          <reporter-output>
          </reporter-output>
        </test-method> <!-- uploadTestCase -->
        <test-method status="PASS" signature="tearDown()[pri:0, instance:com.pack.runner.testCaseUploadRunner@37271612]" name="tearDown" is-config="true" duration-ms="901542" started-at="2018-03-14T01:03:44Z" finished-at="2018-03-14T01:18:45Z">
          <reporter-output>
          </reporter-output>
        </test-method> <!-- tearDown -->
      </class> <!-- com.pack.runner.testCaseUploadRunner -->
    </test> <!-- uploadTestCase -->
  </suite> <!-- Upload test cases to JIRA -->
</testng-results>
